Arguments: 
  /home/mikuus4/.nvm/versions/node/v10.15.1/bin/node /usr/bin/yarn add parcel-bundler

PATH: 
  /home/mikuus4/bin:/home/mikuus4/.local/bin:/home/mikuus4/.nvm/versions/node/v10.15.1/bin:/usr/local/sbin:/usr/local/bin:/usr/sbin:/usr/bin:/sbin:/bin:/usr/games:/usr/local/games:/mnt/c/ProgramData/Oracle/Java/javapath_target_1569640:/mnt/c/Program Files (x86)/Intel/iCLS Client:/mnt/c/Program Files/Intel/iCLS Client:/mnt/c/Windows/System32:/mnt/c/Windows:/mnt/c/Windows/System32/wbem:/mnt/c/Windows/System32/WindowsPowerShell/v1.0:/mnt/c/Program Files (x86)/Intel/Intel(R) Management Engine Components/DAL:/mnt/c/Program Files/Intel/Intel(R) Management Engine Components/DAL:/mnt/c/Program Files (x86)/Intel/Intel(R) Management Engine Components/IPT:/mnt/c/Program Files/Intel/Intel(R) Management Engine Components/IPT:/mnt/c/Program Files/Git/cmd:/mnt/c/Program Files/Common Files/Autodesk Shared:/mnt/c/Program Files/nodejs:/mnt/c/Windows/System32/OpenSSH:/mnt/c/Program Files/Microsoft VS Code/bin:/mnt/c/Program Files/Intel/WiFi/bin:/mnt/c/Program Files/Common Files/Intel/WirelessCommon:/mnt/c/Go/bin:/mnt/c/MinGW64/bin:/mnt/c/Users/Mikołaj/AppData/Local/Microsoft/WindowsApps:/mnt/c/Users/Mikołaj/AppData/Roaming/npm:/mnt/c/Users/Mikołaj/AppData/Local/Microsoft/WindowsApps:/mnt/c/Program Files/Microsoft VS Code/bin:/mnt/c/Program Files/Intel/WiFi/bin:/mnt/c/Program Files/Common Files/Intel/WirelessCommon:/mnt/c/Users/Mikołaj/go/bin:/snap/bin

Yarn version: 
  1.7.0

Node version: 
  10.15.1

Platform: 
  linux x64

Trace: 
  Error: ENOENT: no such file or directory, copyfile '/home/mikuus4/.cache/yarn/v1/npm-core-js-2.6.5-44bc8d249e7fb2ff5d00e0341a7ffb94fbf67895/library/es7/asap.js' -> '/mnt/c/Users/Mikołaj/Desktop/Projects/graphics/node_modules/core-js/library/es7/asap.js'

npm manifest: 
  {
    "name": "graphics",
    "version": "1.0.0",
    "description": "",
    "main": "index.js",
    "scripts": {
      "test": "echo \"Error: no test specified\" && exit 1"
    },
    "keywords": [],
    "author": "",
    "license": "ISC"
  }

yarn manifest: 
  No manifest

Lockfile: 
  No lockfile
